<?xml version="1.0" encoding="UTF-8"?>
<!-- Generated by org.testng.reporters.JUnitReportReporter -->
<testsuite hostname="PRFT-17152" failures="0" tests="1" name="xboxtestcases.LeaderboardTest" time="9.765" errors="0" timestamp="28 Feb 2022 22:42:35 GMT">
  <testcase classname="xboxtestcases.LeaderboardTest" name="testLeaderBoardPage" time="9.765"/>
</testsuite> <!-- xboxtestcases.LeaderboardTest -->
